----------------------------------------------------------------------------------------------------
Apr07-08:08:28
----------------------------------------------------------------------------------------------------
[ZINC250k] seed=42
----------------------------------------------------------------------------------------------------
lr=0.005 schedule=True epochs=1000 reduce=False eps=1e-05
(X:VP)=(0.10, 1.00) N=1000 (A:VE)=(0.20, 1.00) N=1000
(ScoreNetworkX_GMH)+(ScoreNetworkA=GCN,4): depth=2 adim=16 nhid=16 layers=6 linears=3 c=(2 8 4)
----------------------------------------------------------------------------------------------------
(X:VP)=(0.10, 1.00) N=1000 (A:VE)=(0.20, 1.00) N=1000
(Regressor): depth=3 nhid=16 dropout=0
----------------------------------------------------------------------------------------------------
[X] weight=0.0 [A] weight=0
----------------------------------------------------------------------------------------------------
snr=0.2 seps=0.8 n_steps=1
684.98 sec elapsed for sampling
**********************************************
QED: 0.64 ± 0.15
SA: 0.69 ± 0.13
**********************************************
Validity: 1.0
Uniqueness: 0.9986666666666667
Novelty (sim. < 0.4): 0.7626666666666667
====================================================================================================
